<?xml version="1.0" encoding="UTF-8"?>
<!-- Generated by org.testng.reporters.JUnitXMLReporter -->
<testsuite hostname="KH014104" ignored="0" name="TestNGAutomationAddressBookWebSite" tests="3" failures="1" timestamp="04 Dec 2019 16:37:28 GMT" time="45.099" errors="0">
  <testcase name="validatePageTitle" time="0.019" classname="com.testng.listner.testcases.AddrBookNewAddresCreationTest">
    <failure type="java.lang.AssertionError" message="expected [Addressss Book] but found [Address Book]">
      <![CDATA[java.lang.AssertionError: expected [Addressss Book] but found [Address Book]
at com.testng.listner.testcases.AddrBookNewAddresCreationTest.validatePageTitle(AddrBookNewAddresCreationTest.java:61)
... Removed 31 stack frames]]>
    </failure>
  </testcase> <!-- validatePageTitle -->
  <testcase name="addNewAddressCust" time="4.249" classname="com.testng.listner.testcases.AddrBookNewAddresCreationTest"/>
  <testcase name="SkippingMethod" time="0.003" classname="com.testng.listner.testcases.AddrBookNewAddresCreationTest">
    <skipped/>
  </testcase> <!-- SkippingMethod -->
</testsuite> <!-- TestNGAutomationAddressBookWebSite -->
